2024-02-28 12:02:48:248 [90minfo[39m: [90mLogin started..[39m
2024-02-28 12:02:48:248 [90minfo[39m: [90mLogin started..[39m
2024-02-28 12:02:48:248 [90minfo[39m: [90mLogin started..[39m
2024-02-28 12:02:48:248 [90minfo[39m: [90mLogin started..[39m
2024-02-28 12:02:50:250 [90minfo[39m: [90mScenario 1 started [39m
2024-02-28 12:02:50:250 [90minfo[39m: [90madd items to cart [39m
2024-02-28 12:02:50:250 [90minfo[39m: [90mcheckout process [39m
2024-02-28 12:02:51:251 [90minfo[39m: [90mScenario 1 finished[39m
2024-02-28 12:03:03:33 [90minfo[39m: [90mLogin started..[39m
2024-02-28 12:03:03:33 [90minfo[39m: [90mLogin started..[39m
2024-02-28 12:03:03:33 [90minfo[39m: [90mLogin started..[39m
2024-02-28 12:03:03:33 [90minfo[39m: [90mLogin started..[39m
2024-02-28 12:03:08:38 [90minfo[39m: [90mScenario 1 started [39m
2024-02-28 12:03:08:38 [90minfo[39m: [90madd items to cart [39m
2024-02-28 12:03:09:39 [90minfo[39m: [90mcheckout process [39m
2024-02-28 12:03:11:311 [90minfo[39m: [90mScenario 1 finished[39m
2024-02-28 12:03:22:322 [90minfo[39m: [90mLogin started..[39m
2024-02-28 12:03:22:322 [90minfo[39m: [90mLogin started..[39m
2024-02-28 12:03:22:322 [90minfo[39m: [90mLogin started..[39m
2024-02-28 12:03:22:322 [90minfo[39m: [90mLogin started..[39m
2024-02-28 12:03:24:324 [90minfo[39m: [90mScenario 1 started [39m
2024-02-28 12:03:24:324 [90minfo[39m: [90madd items to cart [39m
2024-02-28 12:03:26:326 [90minfo[39m: [90mcheckout process [39m
2024-02-28 12:03:27:327 [90minfo[39m: [90mScenario 1 finished[39m
2024-02-28 12:06:55:655 [90minfo[39m: [90mLogin started..[39m
2024-02-28 12:06:56:656 [90minfo[39m: [90mLogin started..[39m
2024-02-28 12:06:56:656 [90minfo[39m: [90mLogin started..[39m
2024-02-28 12:06:56:656 [90minfo[39m: [90mLogin started..[39m
2024-02-28 12:06:58:658 [90minfo[39m: [90mScenario 1 started [39m
2024-02-28 12:06:58:658 [90minfo[39m: [90madd items to cart [39m
2024-02-28 12:06:59:659 [90minfo[39m: [90mcheckout process [39m
2024-02-28 12:07:00:70 [90minfo[39m: [90mScenario 1 finished[39m
2024-02-28 12:07:10:710 [90minfo[39m: [90mLogin started..[39m
2024-02-28 12:07:11:711 [90minfo[39m: [90mLogin started..[39m
2024-02-28 12:07:11:711 [90minfo[39m: [90mLogin started..[39m
2024-02-28 12:07:11:711 [90minfo[39m: [90mLogin started..[39m
2024-02-28 12:07:16:716 [90minfo[39m: [90mScenario 1 started [39m
2024-02-28 12:07:16:716 [90minfo[39m: [90madd items to cart [39m
2024-02-28 12:07:16:716 [90minfo[39m: [90mcheckout process [39m
2024-02-28 12:07:19:719 [90minfo[39m: [90mScenario 1 finished[39m
2024-02-28 12:07:32:732 [90minfo[39m: [90mLogin started..[39m
2024-02-28 12:07:32:732 [90minfo[39m: [90mLogin started..[39m
2024-02-28 12:07:32:732 [90minfo[39m: [90mLogin started..[39m
2024-02-28 12:07:32:732 [90minfo[39m: [90mLogin started..[39m
2024-02-28 12:07:34:734 [90minfo[39m: [90mScenario 1 started [39m
2024-02-28 12:07:34:734 [90minfo[39m: [90madd items to cart [39m
2024-02-28 12:07:36:736 [90minfo[39m: [90mcheckout process [39m
2024-02-28 12:07:38:738 [90minfo[39m: [90mScenario 1 finished[39m
